<?xml version="1.0" encoding="utf-8"?><testsuites name="pytest tests"><testsuite name="pytest" errors="0" failures="0" skipped="0" tests="15" time="3.005" timestamp="2026-09-06T11:24:22.998276+00:00" hostname="agent-env-a09b1a0d-e40a-4a03-9a97-3376029f7e84"><testcase classname="tests.test_brand_api.TestCollectionAndFragrances" name="test_get_collection_returns_three_products_schema" time="0.155" /><testcase classname="tests.test_brand_api.TestLeadsValidationAndPersistence" name="test_post_lead_email_persists_in_mongo" time="0.224" /><testcase classname="tests.test_brand_api.TestCollectionAndFragrances" name="test_get_air_fragrance_success" time="0.114" /><testcase classname="tests.test_brand_api.TestLeadsValidationAndPersistence" name="test_post_lead_phone_normalizes_and_persists" time="0.118" /><testcase classname="tests.test_brand_api.TestCollectionAndFragrances" name="test_get_unknown_fragrance_returns_404" time="0.112" /><testcase classname="tests.test_brand_api.TestLeadsValidationAndPersistence" name="test_post_lead_validation_errors[payload0-422]" time="0.117" /><testcase classname="tests.test_brand_api.TestLeadsValidationAndPersistence" name="test_post_lead_validation_errors[payload1-422]" time="0.111" /><testcase classname="tests.test_brand_api.TestLeadsValidationAndPersistence" name="test_post_lead_validation_errors[payload2-422]" time="0.112" /><testcase classname="tests.test_brand_api.TestLeadsValidationAndPersistence" name="test_post_lead_validation_errors[payload3-422]" time="0.110" /><testcase classname="tests.test_brand_api.TestLeadsValidationAndPersistence" name="test_post_lead_validation_errors[payload4-422]" time="0.109" /><testcase classname="tests.test_brand_api.TestLeadsValidationAndPersistence" name="test_post_lead_validation_errors[payload5-422]" time="0.170" /><testcase classname="tests.test_brand_api.TestLeadsValidationAndPersistence" name="test_post_lead_validation_errors[payload6-404]" time="0.111" /><testcase classname="tests.test_brand_api.TestLeadsValidationAndPersistence" name="test_post_lead_validation_errors[payload7-422]" time="0.111" /><testcase classname="tests.test_brand_api.TestLeadsValidationAndPersistence" name="test_post_lead_validation_errors[payload8-422]" time="0.112" /><testcase classname="tests.test_brand_api.TestLeadsValidationAndPersistence" name="test_post_lead_rate_limit_4_per_10min_then_429" time="0.443" /></testsuite></testsuites>